<?xml version="1.0" encoding="UTF-8"?>
<testng-results ignored="0" total="1" passed="1" failed="0" skipped="0">
  <reporter-output>
  </reporter-output>
  <suite started-at="2024-03-23T15:24:54 IST" name="Default suite" finished-at="2024-03-23T15:25:36 IST" duration-ms="41368">
    <groups>
    </groups>
    <test started-at="2024-03-23T15:24:54 IST" name="Default test" finished-at="2024-03-23T15:25:36 IST" duration-ms="41368">
      <class name="com.miniProject.testClasses.Flipkart">
        <test-method is-config="true" signature="loadUrl()[pri:0, instance:com.miniProject.testClasses.Flipkart@27462a88]" started-at="2024-03-23T15:24:47 IST" name="loadUrl" finished-at="2024-03-23T15:24:54 IST" duration-ms="7690" status="PASS">
          <reporter-output>
          </reporter-output>
        </test-method> <!-- loadUrl -->
        <test-method signature="verifyAddToCart()[pri:0, instance:com.miniProject.testClasses.Flipkart@27462a88]" started-at="2024-03-23T15:24:54 IST" name="verifyAddToCart" finished-at="2024-03-23T15:25:36 IST" duration-ms="41316" status="PASS">
          <reporter-output>
          </reporter-output>
        </test-method> <!-- verifyAddToCart -->
        <test-method is-config="true" signature="quit()[pri:0, instance:com.miniProject.testClasses.Flipkart@27462a88]" started-at="2024-03-23T15:25:36 IST" name="quit" finished-at="2024-03-23T15:25:36 IST" duration-ms="0" status="PASS">
          <reporter-output>
          </reporter-output>
        </test-method> <!-- quit -->
      </class> <!-- com.miniProject.testClasses.Flipkart -->
    </test> <!-- Default test -->
  </suite> <!-- Default suite -->
</testng-results>
